#
# There is insufficient memory for the Java Runtime Environment to continue.
# Native memory allocation (mmap) failed to map 260046848 bytes. Error detail: G1 virtual space
# Possible reasons:
#   The system is out of physical RAM or swap space
#   This process is running with CompressedOops enabled, and the Java Heap may be blocking the growth of the native heap
# Possible solutions:
#   Reduce memory load on the system
#   Increase physical memory or swap space
#   Check if swap backing store is full
#   Decrease Java heap size (-Xmx/-Xms)
#   Decrease number of Java threads
#   Decrease Java thread stack sizes (-Xss)
#   Set larger code cache with -XX:ReservedCodeCacheSize=
#   JVM is running with Zero Based Compressed Oops mode in which the Java heap is
#     placed in the first 32GB address space. The Java Heap base address is the
#     maximum limit for the native heap growth. Please use -XX:HeapBaseMinAddress
#     to set the Java Heap base and to place the Java Heap above 32GB virtual address.
# This output file may be truncated or incomplete.
#
#  Out of Memory Error (os_windows.cpp:3825), pid=2580, tid=21844
#
# JRE version:  (17.0.11) (build )
# Java VM: OpenJDK 64-Bit Server VM (17.0.11+0--11852314, mixed mode, sharing, tiered, compressed oops, compressed class ptrs, g1 gc, windows-amd64)
# No core dump will be written. Minidumps are not enabled by default on client versions of Windows
#

---------------  S U M M A R Y ------------

Command Line: org.jetbrains.kotlin.cli.jvm.K2JVMCompiler @F:\Code\AndroidStudioProjects\Posts\app\build\20241224_5737180757911386795.compiler.options

Host: AMD Ryzen 7 4800H with Radeon Graphics         , 16 cores, 15G,  Windows 11 , 64 bit Build 22621 (10.0.22621.3527)
Time: Tue Dec 24 06:51:02 2024 RTZ 4 (s 11 , 64 bit Build 22621 (10.0.22621.3527) elapsed time: 0.007541 seconds (0d 0h 0m 0s)

---------------  T H R E A D  ---------------

Current thread (0x00000293beccebe0):  JavaThread "Unknown thread" [_thread_in_vm, id=21844, stack(0x000000fd26c00000,0x000000fd26d00000)]

Stack: [0x000000fd26c00000,0x000000fd26d00000]
Native frames: (J=compiled Java code, j=interpreted, Vv=VM code, C=native code)
V  [jvm.dll+0x687bb9]
V  [jvm.dll+0x84142a]
V  [jvm.dll+0x8430ae]
V  [jvm.dll+0x843713]
V  [jvm.dll+0x24a35f]
V  [jvm.dll+0x684989]
V  [jvm.dll+0x67923a]
V  [jvm.dll+0x30af0b]
V  [jvm.dll+0x3123b6]
V  [jvm.dll+0x361dfe]
V  [jvm.dll+0x36202f]
V  [jvm.dll+0x2e0d38]
V  [jvm.dll+0x2e1ca4]
V  [jvm.dll+0x811f21]
V  [jvm.dll+0x36fb68]
V  [jvm.dll+0x7f0896]
V  [jvm.dll+0x3f3d2f]
V  [jvm.dll+0x3f58e1]
C  [jli.dll+0x528f]
C  [ucrtbase.dll+0x29333]
C  [KERNEL32.DLL+0x1257d]
C  [ntdll.dll+0x5aa48]


---------------  P R O C E S S  ---------------

Threads class SMR info:
_java_thread_list=0x00007fff11c0efd8, length=0, elements={
}

Java Threads: ( => current thread )

Other Threads:
  0x00000293bed381e0 GCTaskThread "GC Thread#0" [stack: 0x000000fd26d00000,0x000000fd26e00000] [id=7508]
  0x00000293bed487f0 ConcurrentGCThread "G1 Main Marker" [stack: 0x000000fd26e00000,0x000000fd26f00000] [id=21080]
  0x00000293bed49210 ConcurrentGCThread "G1 Conc#0" [stack: 0x000000fd26f00000,0x000000fd27000000] [id=20920]

[error occurred during error reporting (printing all threads), id 0xc0000005, EXCEPTION_ACCESS_VIOLATION (0xc0000005) at pc=0x00007fff113c1907]

VM state: not at safepoint (not fully initialized)

VM Mutex/Monitor currently owned by a thread:  ([mutex/lock_event])
[0x00000293becc9750] Heap_lock - owner thread: 0x00000293beccebe0

Heap address: 0x0000000709400000, size: 3948 MB, Compressed Oops mode: Zero based, Oop shift amount: 3

CDS archive(s) mapped at: [0x0000000000000000-0x0000000000000000-0x0000000000000000), size 0, SharedBaseAddress: 0x0000000800000000, ArchiveRelocationMode: 1.
Narrow klass base: 0x0000000000000000, Narrow klass shift: 0, Narrow klass range: 0x0

GC Precious Log:
<Empty>

Heap:
 garbage-first heap   total 0K, used 0K [0x0000000709400000, 0x0000000800000000)
  region size 2048K, 0 young (0K), 0 survivors (0K)
 Metaspace       used 0K, committed 0K, reserved 0K
  class space    used 0K, committed 0K, reserved 0K

Heap Regions: E=young(eden), S=young(survivor), O=old, HS=humongous(starts), HC=humongous(continues), CS=collection set, F=free, OA=open archive, CA=closed archive, TAMS=top-at-mark-start (previous, next)

Card table byte_map: [0x00000293d21e0000,0x00000293d29a0000] _byte_map_base: 0x00000293ce996000

Marking Bits (Prev, Next): (CMBitMap*) 0x00000293bed38800, (CMBitMap*) 0x00000293bed38840
 Prev Bits: [0x00000293d3160000, 0x00000293d6f10000)
 Next Bits: [0x00000293d6f10000, 0x00000293dacc0000)

GC Heap History (0 events):
No events

Dll operation events (1 events):
Event: 0.005 Loaded shared library F:\Android Studio\jbr\bin\java.dll

Deoptimization events (0 events):
No events

Classes unloaded (0 events):
No events

Classes redefined (0 events):
No events

Internal exceptions (0 events):
No events

VM Operations (0 events):
No events

Events (0 events):
No events


Dynamic libraries:
0x00007ff6537a0000 - 0x00007ff6537aa000 	F:\Android Studio\jbr\bin\java.exe
0x00007fff9b090000 - 0x00007fff9b2a7000 	C:\Windows\SYSTEM32\ntdll.dll
0x00007fff9a700000 - 0x00007fff9a7c4000 	C:\Windows\System32\KERNEL32.DLL
0x00007fff98750000 - 0x00007fff98af7000 	C:\Windows\System32\KERNELBASE.dll
0x00007fff983b0000 - 0x00007fff984c1000 	C:\Windows\System32\ucrtbase.dll
0x00007fff91900000 - 0x00007fff91917000 	F:\Android Studio\jbr\bin\jli.dll
0x00007fff918e0000 - 0x00007fff918fb000 	F:\Android Studio\jbr\bin\VCRUNTIME140.dll
0x00007fff9ae40000 - 0x00007fff9afee000 	C:\Windows\System32\USER32.dll
0x00007fff98b00000 - 0x00007fff98b26000 	C:\Windows\System32\win32u.dll
0x00007fff85070000 - 0x00007fff85303000 	C:\Windows\WinSxS\amd64_microsoft.windows.common-controls_6595b64144ccf1df_6.0.22621.3527_none_270e469b73872a76\COMCTL32.dll
0x00007fff99950000 - 0x00007fff99979000 	C:\Windows\System32\GDI32.dll
0x00007fff99a50000 - 0x00007fff99af7000 	C:\Windows\System32\msvcrt.dll
0x00007fff98630000 - 0x00007fff98749000 	C:\Windows\System32\gdi32full.dll
0x00007fff98590000 - 0x00007fff9862a000 	C:\Windows\System32\msvcp_win.dll
0x00007fff9aff0000 - 0x00007fff9b021000 	C:\Windows\System32\IMM32.DLL
0x00007fff8ff60000 - 0x00007fff8ff6c000 	F:\Android Studio\jbr\bin\vcruntime140_1.dll
0x00007fff37f10000 - 0x00007fff37f9d000 	F:\Android Studio\jbr\bin\msvcp140.dll
0x00007fff110d0000 - 0x00007fff11d53000 	F:\Android Studio\jbr\bin\server\jvm.dll
0x00007fff9aae0000 - 0x00007fff9ab92000 	C:\Windows\System32\ADVAPI32.dll
0x00007fff998a0000 - 0x00007fff99948000 	C:\Windows\System32\sechost.dll
0x00007fff98d90000 - 0x00007fff98db8000 	C:\Windows\System32\bcrypt.dll
0x00007fff99bc0000 - 0x00007fff99cd5000 	C:\Windows\System32\RPCRT4.dll
0x00007fff980c0000 - 0x00007fff9810d000 	C:\Windows\SYSTEM32\POWRPROF.dll
0x00007fff8e260000 - 0x00007fff8e294000 	C:\Windows\SYSTEM32\WINMM.dll
0x00007fff76df0000 - 0x00007fff76df9000 	C:\Windows\SYSTEM32\WSOCK32.dll
0x00007fff8edf0000 - 0x00007fff8edfa000 	C:\Windows\SYSTEM32\VERSION.dll
0x00007fff9abc0000 - 0x00007fff9ac31000 	C:\Windows\System32\WS2_32.dll
0x00007fff980a0000 - 0x00007fff980b3000 	C:\Windows\SYSTEM32\UMPDC.dll
0x00007fff97390000 - 0x00007fff973a8000 	C:\Windows\SYSTEM32\kernel.appcore.dll
0x00007fff94ba0000 - 0x00007fff94baa000 	F:\Android Studio\jbr\bin\jimage.dll
0x00007fff95960000 - 0x00007fff95b92000 	C:\Windows\SYSTEM32\DBGHELP.DLL
0x00007fff99360000 - 0x00007fff996e8000 	C:\Windows\System32\combase.dll
0x00007fff9ac60000 - 0x00007fff9ad37000 	C:\Windows\System32\OLEAUT32.dll
0x00007fff8ebd0000 - 0x00007fff8ec02000 	C:\Windows\SYSTEM32\dbgcore.DLL
0x00007fff98ba0000 - 0x00007fff98c19000 	C:\Windows\System32\bcryptPrimitives.dll
0x00007fff90330000 - 0x00007fff90355000 	F:\Android Studio\jbr\bin\java.dll

dbghelp: loaded successfully - version: 4.0.5 - missing functions: none
symbol engine: initialized successfully - sym options: 0x614 - pdb path: .;F:\Android Studio\jbr\bin;C:\Windows\SYSTEM32;C:\Windows\WinSxS\amd64_microsoft.windows.common-controls_6595b64144ccf1df_6.0.22621.3527_none_270e469b73872a76;F:\Android Studio\jbr\bin\server

VM Arguments:
java_command: org.jetbrains.kotlin.cli.jvm.K2JVMCompiler @F:\Code\AndroidStudioProjects\Posts\app\build\20241224_5737180757911386795.compiler.options
java_class_path (initial): C:\Users\User\.gradle\caches\modules-2\files-2.1\org.jetbrains.kotlin\kotlin-compiler-embeddable\1.9.0\2c8c3a7402becca891f12739b3e9fd2dc2adbd7a\kotlin-compiler-embeddable-1.9.0.jar;C:\Users\User\.gradle\caches\modules-2\files-2.1\org.jetbrains.kotlin\kotlin-stdlib\1.9.0\8ee15ef0c67dc83d874f412d84378d7f0eb50b63\kotlin-stdlib-1.9.0.jar;C:\Users\User\.gradle\caches\modules-2\files-2.1\org.jetbrains.kotlin\kotlin-script-runtime\1.9.0\4b3102cbbb7e1b58d9d1adf89563f00069ffa7d1\kotlin-script-runtime-1.9.0.jar;C:\Users\User\.gradle\caches\modules-2\files-2.1\org.jetbrains.kotlin\kotlin-reflect\1.6.10\1cbe9c92c12a94eea200d23c2bbaedaf3daf5132\kotlin-reflect-1.6.10.jar;C:\Users\User\.gradle\caches\modules-2\files-2.1\org.jetbrains.kotlin\kotlin-daemon-embeddable\1.9.0\186543f5e28cf8d9a0290fecc2cf34301c40a65c\kotlin-daemon-embeddable-1.9.0.jar;C:\Users\User\.gradle\caches\modules-2\files-2.1\org.jetbrains.intellij.deps\trove4j\1.0.20200330\3afb14d5f9ceb459d724e907a21145e8ff394f02\trove4j-1.0.20200330.jar;C:\Users\User\.gradle\caches\modules-2\files-2.1\org.jetbrains.kotlin\kotlin-stdlib-common\1.9.0\cd65c21cfd1eec4d44ef09f9f52b6d9f8a720636\kotlin-stdlib-common-1.9.0.jar;C:\Users\User\.gradle\caches\modules-2\files-2.1\org.jetbrains\annotations\13.0\919f0dfe192fb4e063e7dacadee7f8bb9a2672a9\annotations-13.0.jar
Launcher Type: SUN_STANDARD

[Global flags]
     intx CICompilerCount                          = 12                                        {product} {ergonomic}
     uint ConcGCThreads                            = 3                                         {product} {ergonomic}
     uint G1ConcRefinementThreads                  = 13                                        {product} {ergonomic}
   size_t G1HeapRegionSize                         = 2097152                                   {product} {ergonomic}
    uintx GCDrainStackTargetSize                   = 64                                        {product} {ergonomic}
   size_t InitialHeapSize                          = 260046848                                 {product} {ergonomic}
   size_t MarkStackSize                            = 4194304                                   {product} {ergonomic}
   size_t MaxHeapSize                              = 4139778048                                {product} {ergonomic}
   size_t MinHeapDeltaBytes                        = 2097152                                   {product} {ergonomic}
   size_t MinHeapSize                              = 8388608                                   {product} {ergonomic}
    uintx NonNMethodCodeHeapSize                   = 7602480                                {pd product} {ergonomic}
    uintx NonProfiledCodeHeapSize                  = 122027880                              {pd product} {ergonomic}
    uintx ProfiledCodeHeapSize                     = 122027880                              {pd product} {ergonomic}
    uintx ReservedCodeCacheSize                    = 251658240                              {pd product} {ergonomic}
     bool SegmentedCodeCache                       = true                                      {product} {ergonomic}
   size_t SoftMaxHeapSize                          = 4139778048                             {manageable} {ergonomic}
     bool UseCompressedClassPointers               = true                           {product lp64_product} {ergonomic}
     bool UseCompressedOops                        = true                           {product lp64_product} {ergonomic}
     bool UseG1GC                                  = true                                      {product} {ergonomic}
     bool UseLargePagesIndividualAllocation        = false                                  {pd product} {ergonomic}

Logging:
Log output configuration:
 #0: stdout all=warning uptime,level,tags
 #1: stderr all=off uptime,level,tags

Environment Variables:
JAVA_HOME=C:\Program Files\Java\jdk-22
PATH=C:\Program Files (x86)\Common Files\Oracle\Java\java8path;C:\Program Files (x86)\Common Files\Oracle\Java\javapath;C:\Windows\system32;C:\Windows;C:\Windows\System32\Wbem;C:\Windows\System32\WindowsPowerShell\v1.0\;C:\Windows\System32\OpenSSH\;C:\Program Files\NVIDIA Corporation\NVIDIA NvDLISR;C:\Program Files (x86)\NVIDIA Corporation\PhysX\Common;C:\Program Files\dotnet\;C:\Program Files\Go\bin;F:\Git\cmd;D:\Putty\;C:\Program Files\CMake\bin;C:\Program Files\Java\jdk-22\bin;C:\Program Files\WireGuard\;C:\Program Files\Docker\Docker\resources\bin;C:\Users\User\AppData\Local\Programs\Python\Python312\Scripts\;C:\Users\User\AppData\Local\Programs\Python\Python312\;C:\Users\User\AppData\Local\Programs\Python\Launcher\;C:\Users\User\AppData\Local\Microsoft\WindowsApps;F:\IDE\IntelliJ IDEA 2023.3.3\bin;;F:\IDE\Microsoft VS Code\bin;C:\Users\User\go\bin;F:\Git\bin;F:\Git\cmd;F:\IDE\PyCharm 2024.2.1\bin;;C:\Program Files\Java\jdk-22\bin;C:\Users\User\bin;C:\Users\User\bin\wget-1.11.4-1-bin\bin;D:\mingw64\bin;
USERNAME=User
OS=Windows_NT
PROCESSOR_IDENTIFIER=AMD64 Family 23 Model 96 Stepping 1, AuthenticAMD
TMP=C:\Users\User\AppData\Local\Temp
TEMP=C:\Users\User\AppData\Local\Temp



Periodic native trim disabled

JNI global refs:
JNI global refs: 0, weak refs: 0

JNI global refs memory usage: 0, weak refs: 0

Process memory usage:
Resident Set Size: 12280K (0% of 16170080K total physical memory with 573000K free physical memory)

OOME stack traces (most recent first):
Classloader memory used:


---------------  S Y S T E M  ---------------

OS:
 Windows 11 , 64 bit Build 22621 (10.0.22621.3527)
OS uptime: 1 days 12:01 hours
Hyper-V role detected

CPU: total 16 (initial active 16) (16 cores per cpu, 2 threads per core) family 23 model 96 stepping 1 microcode 0x0, cx8, cmov, fxsr, ht, mmx, 3dnowpref, sse, sse2, sse3, ssse3, sse4a, sse4.1, sse4.2, popcnt, lzcnt, tsc, tscinvbit, avx, avx2, aes, clmul, bmi1, bmi2, adx, sha, fma, vzeroupper, clflush, clflushopt, hv
Processor Information for all 16 processors :
  Max Mhz: 2901, Current Mhz: 2901, Mhz Limit: 2901

Memory: 4k page, system-wide physical 15791M (559M free)
TotalPageFile size 40837M (AvailPageFile size 145M)
current process WorkingSet (physical memory assigned to process): 12M, peak: 12M
current process commit charge ("private bytes"): 70M, peak: 318M

vm_info: OpenJDK 64-Bit Server VM (17.0.11+0--11852314) for windows-amd64 JRE (17.0.11+0--11852314), built on May 16 2024 21:29:20 by "androidbuild" with MS VC++ 16.10 / 16.11 (VS2019)

END.
